<?xml version="1.0" encoding="UTF-8"?>
<!-- Generated by org.testng.reporters.JUnitReportReporter -->
<testsuite hostname="DELL-PC" name="runners.TestRunnerTestNg" tests="2" failures="0" timestamp="15 Jun 2020 14:17:48 GMT" time="18.261" errors="2">
  <testcase name="feature" time="6.604" classname="runners.TestRunnerTestNg">
    <error type="cucumber.runtime.CucumberException" message="org.openqa.selenium.SessionNotCreatedException: session not created: This version of ChromeDriver only supports Chrome version 81
Build info: version: &#039;3.7.0&#039;, revision: &#039;2321c73&#039;, time: &#039;2017-11-02T22:22:35.584Z&#039;
System info: host: &#039;DELL-PC&#039;, ip: &#039;192.168.56.1&#039;, os.name: &#039;Windows 7&#039;, os.arch: &#039;amd64&#039;, os.version: &#039;6.1&#039;, java.version: &#039;1.8.0_151&#039;
Driver info: driver.version: ChromeDriver
remote stacktrace: Backtrace:
	Ordinal0 [0x00585D53+2448723]
	Ordinal0 [0x004B8131+1605937]
	Ordinal0 [0x003AF879+522361]
	Ordinal0 [0x003405F3+67059]
	Ordinal0 [0x0033CD92+52626]
	Ordinal0 [0x0035C127+180519]
	Ordinal0 [0x0035BF2D+180013]
	Ordinal0 [0x00359E5B+171611]
	Ordinal0 [0x00341DD8+73176]
	Ordinal0 [0x00342E50+77392]
	Ordinal0 [0x00342DE9+77289]
	Ordinal0 [0x004CD6A7+1693351]
	GetHandleVerifier [0x00623E16+522726]
	GetHandleVerifier [0x00623B54+522020]
	GetHandleVerifier [0x00638F67+609079]
	GetHandleVerifier [0x00624686+524886]
	Ordinal0 [0x004C5A8C+1661580]
	Ordinal0 [0x004CF00B+1699851]
	Ordinal0 [0x004CF173+1700211]
	Ordinal0 [0x004E4FE5+1789925]
	BaseThreadInitThunk [0x751933AA+18]
	RtlInitializeExceptionChain [0x775F9F72+99]
	RtlInitializeExceptionChain [0x775F9F45+54]
">
      <![CDATA[cucumber.runtime.CucumberException: org.openqa.selenium.SessionNotCreatedException: session not created: This version of ChromeDriver only supports Chrome version 81
Build info: version: '3.7.0', revision: '2321c73', time: '2017-11-02T22:22:35.584Z'
System info: host: 'DELL-PC', ip: '192.168.56.1', os.name: 'Windows 7', os.arch: 'amd64', os.version: '6.1', java.version: '1.8.0_151'
Driver info: driver.version: ChromeDriver
remote stacktrace: Backtrace:
	Ordinal0 [0x00585D53+2448723]
	Ordinal0 [0x004B8131+1605937]
	Ordinal0 [0x003AF879+522361]
	Ordinal0 [0x003405F3+67059]
	Ordinal0 [0x0033CD92+52626]
	Ordinal0 [0x0035C127+180519]
	Ordinal0 [0x0035BF2D+180013]
	Ordinal0 [0x00359E5B+171611]
	Ordinal0 [0x00341DD8+73176]
	Ordinal0 [0x00342E50+77392]
	Ordinal0 [0x00342DE9+77289]
	Ordinal0 [0x004CD6A7+1693351]
	GetHandleVerifier [0x00623E16+522726]
	GetHandleVerifier [0x00623B54+522020]
	GetHandleVerifier [0x00638F67+609079]
	GetHandleVerifier [0x00624686+524886]
	Ordinal0 [0x004C5A8C+1661580]
	Ordinal0 [0x004CF00B+1699851]
	Ordinal0 [0x004CF173+1700211]
	Ordinal0 [0x004E4FE5+1789925]
	BaseThreadInitThunk [0x751933AA+18]
	RtlInitializeExceptionChain [0x775F9F72+99]
	RtlInitializeExceptionChain [0x775F9F45+54]

	at cucumber.api.testng.TestNGCucumberRunner.runCucumber(TestNGCucumberRunner.java:69)
	at cucumber.api.testng.AbstractTestNGCucumberTests.feature(AbstractTestNGCucumberTests.java:21)
	at sun.reflect.NativeMethodAccessorImpl.invoke0(Native Method)
	at sun.reflect.NativeMethodAccessorImpl.invoke(NativeMethodAccessorImpl.java:62)
	at sun.reflect.DelegatingMethodAccessorImpl.invoke(DelegatingMethodAccessorImpl.java:43)
	at java.lang.reflect.Method.invoke(Method.java:498)
	at org.testng.internal.MethodInvocationHelper.invokeMethod(MethodInvocationHelper.java:86)
	at org.testng.internal.Invoker.invokeMethod(Invoker.java:643)
	at org.testng.internal.Invoker.invokeTestMethod(Invoker.java:820)
	at org.testng.internal.Invoker.invokeTestMethods(Invoker.java:1128)
	at org.testng.internal.TestMethodWorker.invokeTestMethods(TestMethodWorker.java:129)
	at org.testng.internal.TestMethodWorker.run(TestMethodWorker.java:112)
	at org.testng.TestRunner.privateRun(TestRunner.java:782)
	at org.testng.TestRunner.run(TestRunner.java:632)
	at org.testng.SuiteRunner.runTest(SuiteRunner.java:366)
	at org.testng.SuiteRunner.runSequentially(SuiteRunner.java:361)
	at org.testng.SuiteRunner.privateRun(SuiteRunner.java:319)
	at org.testng.SuiteRunner.run(SuiteRunner.java:268)
	at org.testng.SuiteRunnerWorker.runSuite(SuiteRunnerWorker.java:52)
	at org.testng.SuiteRunnerWorker.run(SuiteRunnerWorker.java:86)
	at org.testng.TestNG.runSuitesSequentially(TestNG.java:1244)
	at org.testng.TestNG.runSuitesLocally(TestNG.java:1169)
	at org.testng.TestNG.run(TestNG.java:1064)
	at org.apache.maven.surefire.testng.TestNGExecutor.run(TestNGExecutor.java:283)
	at org.apache.maven.surefire.testng.TestNGXmlTestSuite.execute(TestNGXmlTestSuite.java:75)
	at org.apache.maven.surefire.testng.TestNGProvider.invoke(TestNGProvider.java:120)
	at org.apache.maven.surefire.booter.ForkedBooter.invokeProviderInSameClassLoader(ForkedBooter.java:383)
	at org.apache.maven.surefire.booter.ForkedBooter.runSuitesInProcess(ForkedBooter.java:344)
	at org.apache.maven.surefire.booter.ForkedBooter.execute(ForkedBooter.java:125)
	at org.apache.maven.surefire.booter.ForkedBooter.main(ForkedBooter.java:417)
Caused by: org.openqa.selenium.SessionNotCreatedException: session not created: This version of ChromeDriver only supports Chrome version 81
Build info: version: '3.7.0', revision: '2321c73', time: '2017-11-02T22:22:35.584Z'
System info: host: 'DELL-PC', ip: '192.168.56.1', os.name: 'Windows 7', os.arch: 'amd64', os.version: '6.1', java.version: '1.8.0_151'
Driver info: driver.version: ChromeDriver
remote stacktrace: Backtrace:
	Ordinal0 [0x00585D53+2448723]
	Ordinal0 [0x004B8131+1605937]
	Ordinal0 [0x003AF879+522361]
	Ordinal0 [0x003405F3+67059]
	Ordinal0 [0x0033CD92+52626]
	Ordinal0 [0x0035C127+180519]
	Ordinal0 [0x0035BF2D+180013]
	Ordinal0 [0x00359E5B+171611]
	Ordinal0 [0x00341DD8+73176]
	Ordinal0 [0x00342E50+77392]
	Ordinal0 [0x00342DE9+77289]
	Ordinal0 [0x004CD6A7+1693351]
	GetHandleVerifier [0x00623E16+522726]
	GetHandleVerifier [0x00623B54+522020]
	GetHandleVerifier [0x00638F67+609079]
	GetHandleVerifier [0x00624686+524886]
	Ordinal0 [0x004C5A8C+1661580]
	Ordinal0 [0x004CF00B+1699851]
	Ordinal0 [0x004CF173+1700211]
	Ordinal0 [0x004E4FE5+1789925]
	BaseThreadInitThunk [0x751933AA+18]
	RtlInitializeExceptionChain [0x775F9F72+99]
	RtlInitializeExceptionChain [0x775F9F45+54]

	at sun.reflect.NativeConstructorAccessorImpl.newInstance0(Native Method)
	at sun.reflect.NativeConstructorAccessorImpl.newInstance(NativeConstructorAccessorImpl.java:62)
	at sun.reflect.DelegatingConstructorAccessorImpl.newInstance(DelegatingConstructorAccessorImpl.java:45)
	at java.lang.reflect.Constructor.newInstance(Constructor.java:423)
	at org.openqa.selenium.remote.W3CHandshakeResponse.lambda$new$0(W3CHandshakeResponse.java:57)
	at org.openqa.selenium.remote.W3CHandshakeResponse.lambda$getResponseFunction$2(W3CHandshakeResponse.java:104)
	at org.openqa.selenium.remote.ProtocolHandshake.lambda$createSession$0(ProtocolHandshake.java:123)
	at java.util.stream.ReferencePipeline$3$1.accept(ReferencePipeline.java:193)
	at java.util.Spliterators$ArraySpliterator.tryAdvance(Spliterators.java:958)
	at java.util.stream.ReferencePipeline.forEachWithCancel(ReferencePipeline.java:126)
	at java.util.stream.AbstractPipeline.copyIntoWithCancel(AbstractPipeline.java:498)
	at java.util.stream.AbstractPipeline.copyInto(AbstractPipeline.java:485)
	at java.util.stream.AbstractPipeline.wrapAndCopyInto(AbstractPipeline.java:471)
	at java.util.stream.FindOps$FindOp.evaluateSequential(FindOps.java:152)
	at java.util.stream.AbstractPipeline.evaluate(AbstractPipeline.java:234)
	at java.util.stream.ReferencePipeline.findFirst(ReferencePipeline.java:464)
	at org.openqa.selenium.remote.ProtocolHandshake.createSession(ProtocolHandshake.java:126)
	at org.openqa.selenium.remote.ProtocolHandshake.createSession(ProtocolHandshake.java:73)
	at org.openqa.selenium.remote.HttpCommandExecutor.execute(HttpCommandExecutor.java:142)
	at org.openqa.selenium.remote.service.DriverCommandExecutor.execute(DriverCommandExecutor.java:83)
	at org.openqa.selenium.remote.RemoteWebDriver.execute(RemoteWebDriver.java:600)
	at org.openqa.selenium.remote.RemoteWebDriver.startSession(RemoteWebDriver.java:219)
	at org.openqa.selenium.remote.RemoteWebDriver.<init>(RemoteWebDriver.java:142)
	at org.openqa.selenium.chrome.ChromeDriver.<init>(ChromeDriver.java:181)
	at org.openqa.selenium.chrome.ChromeDriver.<init>(ChromeDriver.java:168)
	at org.openqa.selenium.chrome.ChromeDriver.<init>(ChromeDriver.java:123)
	at managers.WebDriverManagerClass.createLocalDriver(WebDriverManagerClass.java:73)
	at managers.WebDriverManagerClass.createDriver(WebDriverManagerClass.java:42)
	at managers.WebDriverManagerClass.getDriver(WebDriverManagerClass.java:35)
	at cucumber.TestContext.<init>(TestContext.java:12)
	at sun.reflect.NativeConstructorAccessorImpl.newInstance0(Native Method)
	at sun.reflect.NativeConstructorAccessorImpl.newInstance(NativeConstructorAccessorImpl.java:62)
	at sun.reflect.DelegatingConstructorAccessorImpl.newInstance(DelegatingConstructorAccessorImpl.java:45)
	at java.lang.reflect.Constructor.newInstance(Constructor.java:423)
	at org.picocontainer.injectors.AbstractInjector.newInstance(AbstractInjector.java:145)
	at org.picocontainer.injectors.ConstructorInjector$1.run(ConstructorInjector.java:342)
	at org.picocontainer.injectors.AbstractInjector$ThreadLocalCyclicDependencyGuard.observe(AbstractInjector.java:270)
	at org.picocontainer.injectors.ConstructorInjector.getComponentInstance(ConstructorInjector.java:364)
	at org.picocontainer.injectors.AbstractInjectionFactory$LifecycleAdapter.getComponentInstance(AbstractInjectionFactory.java:56)
	at org.picocontainer.behaviors.AbstractBehavior.getComponentInstance(AbstractBehavior.java:64)
	at org.picocontainer.behaviors.Stored.getComponentInstance(Stored.java:91)
	at org.picocontainer.DefaultPicoContainer.getInstance(DefaultPicoContainer.java:699)
	at org.picocontainer.DefaultPicoContainer.getComponent(DefaultPicoContainer.java:647)
	at org.picocontainer.DefaultPicoContainer.getComponent(DefaultPicoContainer.java:632)
	at org.picocontainer.parameters.BasicComponentParameter$1.resolveInstance(BasicComponentParameter.java:118)
	at org.picocontainer.parameters.ComponentParameter$1.resolveInstance(ComponentParameter.java:136)
	at org.picocontainer.injectors.SingleMemberInjector.getParameter(SingleMemberInjector.java:78)
	at org.picocontainer.injectors.ConstructorInjector$CtorAndAdapters.getParameterArguments(ConstructorInjector.java:309)
	at org.picocontainer.injectors.ConstructorInjector$1.run(ConstructorInjector.java:335)
	at org.picocontainer.injectors.AbstractInjector$ThreadLocalCyclicDependencyGuard.observe(AbstractInjector.java:270)
	at org.picocontainer.injectors.ConstructorInjector.getComponentInstance(ConstructorInjector.java:364)
	at org.picocontainer.injectors.AbstractInjectionFactory$LifecycleAdapter.getComponentInstance(AbstractInjectionFactory.java:56)
	at org.picocontainer.behaviors.AbstractBehavior.getComponentInstance(AbstractBehavior.java:64)
	at org.picocontainer.behaviors.Stored.getComponentInstance(Stored.java:91)
	at org.picocontainer.DefaultPicoContainer.getInstance(DefaultPicoContainer.java:699)
	at org.picocontainer.DefaultPicoContainer.getComponent(DefaultPicoContainer.java:647)
	at org.picocontainer.DefaultPicoContainer.getComponent(DefaultPicoContainer.java:678)
	at cucumber.runtime.java.picocontainer.PicoFactory.getInstance(PicoFactory.java:40)
	at cucumber.runtime.java.JavaHookDefinition.execute(JavaHookDefinition.java:60)
	at cucumber.runtime.Runtime.runHookIfTagsMatch(Runtime.java:224)
	at cucumber.runtime.Runtime.runHooks(Runtime.java:212)
	at cucumber.runtime.Runtime.runBeforeHooks(Runtime.java:202)
	at cucumber.runtime.model.CucumberScenario.run(CucumberScenario.java:40)
	at cucumber.runtime.model.CucumberFeature.run(CucumberFeature.java:165)
	at cucumber.api.testng.TestNGCucumberRunner.runCucumber(TestNGCucumberRunner.java:63)
	... 29 more
]]>
    </error>
  </testcase> <!-- feature -->
  <testcase name="feature" time="11.657" classname="runners.TestRunnerTestNg">
    <error type="cucumber.runtime.CucumberException" message="org.openqa.selenium.SessionNotCreatedException: session not created: This version of ChromeDriver only supports Chrome version 81
Build info: version: &#039;3.7.0&#039;, revision: &#039;2321c73&#039;, time: &#039;2017-11-02T22:22:35.584Z&#039;
System info: host: &#039;DELL-PC&#039;, ip: &#039;192.168.56.1&#039;, os.name: &#039;Windows 7&#039;, os.arch: &#039;amd64&#039;, os.version: &#039;6.1&#039;, java.version: &#039;1.8.0_151&#039;
Driver info: driver.version: ChromeDriver
remote stacktrace: Backtrace:
	Ordinal0 [0x00585D53+2448723]
	Ordinal0 [0x004B8131+1605937]
	Ordinal0 [0x003AF879+522361]
	Ordinal0 [0x003405F3+67059]
	Ordinal0 [0x0033CD92+52626]
	Ordinal0 [0x0035C127+180519]
	Ordinal0 [0x0035BF2D+180013]
	Ordinal0 [0x00359E5B+171611]
	Ordinal0 [0x00341DD8+73176]
	Ordinal0 [0x00342E50+77392]
	Ordinal0 [0x00342DE9+77289]
	Ordinal0 [0x004CD6A7+1693351]
	GetHandleVerifier [0x00623E16+522726]
	GetHandleVerifier [0x00623B54+522020]
	GetHandleVerifier [0x00638F67+609079]
	GetHandleVerifier [0x00624686+524886]
	Ordinal0 [0x004C5A8C+1661580]
	Ordinal0 [0x004CF00B+1699851]
	Ordinal0 [0x004CF173+1700211]
	Ordinal0 [0x004E4FE5+1789925]
	BaseThreadInitThunk [0x751933AA+18]
	RtlInitializeExceptionChain [0x775F9F72+99]
	RtlInitializeExceptionChain [0x775F9F45+54]
">
      <![CDATA[cucumber.runtime.CucumberException: org.openqa.selenium.SessionNotCreatedException: session not created: This version of ChromeDriver only supports Chrome version 81
Build info: version: '3.7.0', revision: '2321c73', time: '2017-11-02T22:22:35.584Z'
System info: host: 'DELL-PC', ip: '192.168.56.1', os.name: 'Windows 7', os.arch: 'amd64', os.version: '6.1', java.version: '1.8.0_151'
Driver info: driver.version: ChromeDriver
remote stacktrace: Backtrace:
	Ordinal0 [0x00585D53+2448723]
	Ordinal0 [0x004B8131+1605937]
	Ordinal0 [0x003AF879+522361]
	Ordinal0 [0x003405F3+67059]
	Ordinal0 [0x0033CD92+52626]
	Ordinal0 [0x0035C127+180519]
	Ordinal0 [0x0035BF2D+180013]
	Ordinal0 [0x00359E5B+171611]
	Ordinal0 [0x00341DD8+73176]
	Ordinal0 [0x00342E50+77392]
	Ordinal0 [0x00342DE9+77289]
	Ordinal0 [0x004CD6A7+1693351]
	GetHandleVerifier [0x00623E16+522726]
	GetHandleVerifier [0x00623B54+522020]
	GetHandleVerifier [0x00638F67+609079]
	GetHandleVerifier [0x00624686+524886]
	Ordinal0 [0x004C5A8C+1661580]
	Ordinal0 [0x004CF00B+1699851]
	Ordinal0 [0x004CF173+1700211]
	Ordinal0 [0x004E4FE5+1789925]
	BaseThreadInitThunk [0x751933AA+18]
	RtlInitializeExceptionChain [0x775F9F72+99]
	RtlInitializeExceptionChain [0x775F9F45+54]

	at cucumber.api.testng.TestNGCucumberRunner.runCucumber(TestNGCucumberRunner.java:69)
	at cucumber.api.testng.AbstractTestNGCucumberTests.feature(AbstractTestNGCucumberTests.java:21)
	at sun.reflect.NativeMethodAccessorImpl.invoke0(Native Method)
	at sun.reflect.NativeMethodAccessorImpl.invoke(NativeMethodAccessorImpl.java:62)
	at sun.reflect.DelegatingMethodAccessorImpl.invoke(DelegatingMethodAccessorImpl.java:43)
	at java.lang.reflect.Method.invoke(Method.java:498)
	at org.testng.internal.MethodInvocationHelper.invokeMethod(MethodInvocationHelper.java:86)
	at org.testng.internal.Invoker.invokeMethod(Invoker.java:643)
	at org.testng.internal.Invoker.invokeTestMethod(Invoker.java:820)
	at org.testng.internal.Invoker.invokeTestMethods(Invoker.java:1128)
	at org.testng.internal.TestMethodWorker.invokeTestMethods(TestMethodWorker.java:129)
	at org.testng.internal.TestMethodWorker.run(TestMethodWorker.java:112)
	at org.testng.TestRunner.privateRun(TestRunner.java:782)
	at org.testng.TestRunner.run(TestRunner.java:632)
	at org.testng.SuiteRunner.runTest(SuiteRunner.java:366)
	at org.testng.SuiteRunner.runSequentially(SuiteRunner.java:361)
	at org.testng.SuiteRunner.privateRun(SuiteRunner.java:319)
	at org.testng.SuiteRunner.run(SuiteRunner.java:268)
	at org.testng.SuiteRunnerWorker.runSuite(SuiteRunnerWorker.java:52)
	at org.testng.SuiteRunnerWorker.run(SuiteRunnerWorker.java:86)
	at org.testng.TestNG.runSuitesSequentially(TestNG.java:1244)
	at org.testng.TestNG.runSuitesLocally(TestNG.java:1169)
	at org.testng.TestNG.run(TestNG.java:1064)
	at org.apache.maven.surefire.testng.TestNGExecutor.run(TestNGExecutor.java:283)
	at org.apache.maven.surefire.testng.TestNGXmlTestSuite.execute(TestNGXmlTestSuite.java:75)
	at org.apache.maven.surefire.testng.TestNGProvider.invoke(TestNGProvider.java:120)
	at org.apache.maven.surefire.booter.ForkedBooter.invokeProviderInSameClassLoader(ForkedBooter.java:383)
	at org.apache.maven.surefire.booter.ForkedBooter.runSuitesInProcess(ForkedBooter.java:344)
	at org.apache.maven.surefire.booter.ForkedBooter.execute(ForkedBooter.java:125)
	at org.apache.maven.surefire.booter.ForkedBooter.main(ForkedBooter.java:417)
Caused by: org.openqa.selenium.SessionNotCreatedException: session not created: This version of ChromeDriver only supports Chrome version 81
Build info: version: '3.7.0', revision: '2321c73', time: '2017-11-02T22:22:35.584Z'
System info: host: 'DELL-PC', ip: '192.168.56.1', os.name: 'Windows 7', os.arch: 'amd64', os.version: '6.1', java.version: '1.8.0_151'
Driver info: driver.version: ChromeDriver
remote stacktrace: Backtrace:
	Ordinal0 [0x00585D53+2448723]
	Ordinal0 [0x004B8131+1605937]
	Ordinal0 [0x003AF879+522361]
	Ordinal0 [0x003405F3+67059]
	Ordinal0 [0x0033CD92+52626]
	Ordinal0 [0x0035C127+180519]
	Ordinal0 [0x0035BF2D+180013]
	Ordinal0 [0x00359E5B+171611]
	Ordinal0 [0x00341DD8+73176]
	Ordinal0 [0x00342E50+77392]
	Ordinal0 [0x00342DE9+77289]
	Ordinal0 [0x004CD6A7+1693351]
	GetHandleVerifier [0x00623E16+522726]
	GetHandleVerifier [0x00623B54+522020]
	GetHandleVerifier [0x00638F67+609079]
	GetHandleVerifier [0x00624686+524886]
	Ordinal0 [0x004C5A8C+1661580]
	Ordinal0 [0x004CF00B+1699851]
	Ordinal0 [0x004CF173+1700211]
	Ordinal0 [0x004E4FE5+1789925]
	BaseThreadInitThunk [0x751933AA+18]
	RtlInitializeExceptionChain [0x775F9F72+99]
	RtlInitializeExceptionChain [0x775F9F45+54]

	at sun.reflect.NativeConstructorAccessorImpl.newInstance0(Native Method)
	at sun.reflect.NativeConstructorAccessorImpl.newInstance(NativeConstructorAccessorImpl.java:62)
	at sun.reflect.DelegatingConstructorAccessorImpl.newInstance(DelegatingConstructorAccessorImpl.java:45)
	at java.lang.reflect.Constructor.newInstance(Constructor.java:423)
	at org.openqa.selenium.remote.W3CHandshakeResponse.lambda$new$0(W3CHandshakeResponse.java:57)
	at org.openqa.selenium.remote.W3CHandshakeResponse.lambda$getResponseFunction$2(W3CHandshakeResponse.java:104)
	at org.openqa.selenium.remote.ProtocolHandshake.lambda$createSession$0(ProtocolHandshake.java:123)
	at java.util.stream.ReferencePipeline$3$1.accept(ReferencePipeline.java:193)
	at java.util.Spliterators$ArraySpliterator.tryAdvance(Spliterators.java:958)
	at java.util.stream.ReferencePipeline.forEachWithCancel(ReferencePipeline.java:126)
	at java.util.stream.AbstractPipeline.copyIntoWithCancel(AbstractPipeline.java:498)
	at java.util.stream.AbstractPipeline.copyInto(AbstractPipeline.java:485)
	at java.util.stream.AbstractPipeline.wrapAndCopyInto(AbstractPipeline.java:471)
	at java.util.stream.FindOps$FindOp.evaluateSequential(FindOps.java:152)
	at java.util.stream.AbstractPipeline.evaluate(AbstractPipeline.java:234)
	at java.util.stream.ReferencePipeline.findFirst(ReferencePipeline.java:464)
	at org.openqa.selenium.remote.ProtocolHandshake.createSession(ProtocolHandshake.java:126)
	at org.openqa.selenium.remote.ProtocolHandshake.createSession(ProtocolHandshake.java:73)
	at org.openqa.selenium.remote.HttpCommandExecutor.execute(HttpCommandExecutor.java:142)
	at org.openqa.selenium.remote.service.DriverCommandExecutor.execute(DriverCommandExecutor.java:83)
	at org.openqa.selenium.remote.RemoteWebDriver.execute(RemoteWebDriver.java:600)
	at org.openqa.selenium.remote.RemoteWebDriver.startSession(RemoteWebDriver.java:219)
	at org.openqa.selenium.remote.RemoteWebDriver.<init>(RemoteWebDriver.java:142)
	at org.openqa.selenium.chrome.ChromeDriver.<init>(ChromeDriver.java:181)
	at org.openqa.selenium.chrome.ChromeDriver.<init>(ChromeDriver.java:168)
	at org.openqa.selenium.chrome.ChromeDriver.<init>(ChromeDriver.java:123)
	at managers.WebDriverManagerClass.createLocalDriver(WebDriverManagerClass.java:73)
	at managers.WebDriverManagerClass.createDriver(WebDriverManagerClass.java:42)
	at managers.WebDriverManagerClass.getDriver(WebDriverManagerClass.java:35)
	at cucumber.TestContext.<init>(TestContext.java:12)
	at sun.reflect.NativeConstructorAccessorImpl.newInstance0(Native Method)
	at sun.reflect.NativeConstructorAccessorImpl.newInstance(NativeConstructorAccessorImpl.java:62)
	at sun.reflect.DelegatingConstructorAccessorImpl.newInstance(DelegatingConstructorAccessorImpl.java:45)
	at java.lang.reflect.Constructor.newInstance(Constructor.java:423)
	at org.picocontainer.injectors.AbstractInjector.newInstance(AbstractInjector.java:145)
	at org.picocontainer.injectors.ConstructorInjector$1.run(ConstructorInjector.java:342)
	at org.picocontainer.injectors.AbstractInjector$ThreadLocalCyclicDependencyGuard.observe(AbstractInjector.java:270)
	at org.picocontainer.injectors.ConstructorInjector.getComponentInstance(ConstructorInjector.java:364)
	at org.picocontainer.injectors.AbstractInjectionFactory$LifecycleAdapter.getComponentInstance(AbstractInjectionFactory.java:56)
	at org.picocontainer.behaviors.AbstractBehavior.getComponentInstance(AbstractBehavior.java:64)
	at org.picocontainer.behaviors.Stored.getComponentInstance(Stored.java:91)
	at org.picocontainer.DefaultPicoContainer.getInstance(DefaultPicoContainer.java:699)
	at org.picocontainer.DefaultPicoContainer.getComponent(DefaultPicoContainer.java:647)
	at org.picocontainer.DefaultPicoContainer.getComponent(DefaultPicoContainer.java:632)
	at org.picocontainer.parameters.BasicComponentParameter$1.resolveInstance(BasicComponentParameter.java:118)
	at org.picocontainer.parameters.ComponentParameter$1.resolveInstance(ComponentParameter.java:136)
	at org.picocontainer.injectors.SingleMemberInjector.getParameter(SingleMemberInjector.java:78)
	at org.picocontainer.injectors.ConstructorInjector$CtorAndAdapters.getParameterArguments(ConstructorInjector.java:309)
	at org.picocontainer.injectors.ConstructorInjector$1.run(ConstructorInjector.java:335)
	at org.picocontainer.injectors.AbstractInjector$ThreadLocalCyclicDependencyGuard.observe(AbstractInjector.java:270)
	at org.picocontainer.injectors.ConstructorInjector.getComponentInstance(ConstructorInjector.java:364)
	at org.picocontainer.injectors.AbstractInjectionFactory$LifecycleAdapter.getComponentInstance(AbstractInjectionFactory.java:56)
	at org.picocontainer.behaviors.AbstractBehavior.getComponentInstance(AbstractBehavior.java:64)
	at org.picocontainer.behaviors.Stored.getComponentInstance(Stored.java:91)
	at org.picocontainer.DefaultPicoContainer.getInstance(DefaultPicoContainer.java:699)
	at org.picocontainer.DefaultPicoContainer.getComponent(DefaultPicoContainer.java:647)
	at org.picocontainer.DefaultPicoContainer.getComponent(DefaultPicoContainer.java:678)
	at cucumber.runtime.java.picocontainer.PicoFactory.getInstance(PicoFactory.java:40)
	at cucumber.runtime.java.JavaHookDefinition.execute(JavaHookDefinition.java:60)
	at cucumber.runtime.Runtime.runHookIfTagsMatch(Runtime.java:224)
	at cucumber.runtime.Runtime.runHooks(Runtime.java:212)
	at cucumber.runtime.Runtime.runBeforeHooks(Runtime.java:202)
	at cucumber.runtime.model.CucumberScenario.run(CucumberScenario.java:40)
	at cucumber.runtime.model.CucumberFeature.run(CucumberFeature.java:165)
	at cucumber.api.testng.TestNGCucumberRunner.runCucumber(TestNGCucumberRunner.java:63)
	... 29 more
]]>
    </error>
  </testcase> <!-- feature -->
</testsuite> <!-- runners.TestRunnerTestNg -->
